e:\رابعة حاسبات\computer graphics\labs\dory_nemo\dory_nemo\release\vc141.pdb
e:\رابعة حاسبات\computer graphics\labs\dory_nemo\dory_nemo\release\imageloader.obj
e:\رابعة حاسبات\computer graphics\labs\dory_nemo\dory_nemo\release\dory_nemo.obj
e:\رابعة حاسبات\computer graphics\labs\dory_nemo\dory_nemo\release\dory_nemo.pch
e:\رابعة حاسبات\computer graphics\labs\dory_nemo\dory_nemo\release\stdafx.obj
e:\رابعة حاسبات\computer graphics\labs\dory_nemo\dory_nemo\release\assemblyinfo.obj
e:\رابعة حاسبات\computer graphics\labs\dory_nemo\dory_nemo\release\.netframework,version=v4.6.1.assemblyattributes.obj
e:\رابعة حاسبات\computer graphics\labs\dory_nemo\dory_nemo\release\.netframework,version=v4.6.1.assemblyattributes.asm
e:\رابعة حاسبات\computer graphics\labs\dory_nemo\release\dory_nemo.exe
e:\رابعة حاسبات\computer graphics\labs\dory_nemo\release\dory_nemo.pdb
e:\رابعة حاسبات\computer graphics\labs\dory_nemo\dory_nemo\release\app.res
e:\رابعة حاسبات\computer graphics\labs\dory_nemo\dory_nemo\release\dory_nemo.vcxprojassemblyreference.cache
e:\رابعة حاسبات\computer graphics\labs\dory_nemo\dory_nemo\release\dory_nemo.tlog\cl.command.1.tlog
e:\رابعة حاسبات\computer graphics\labs\dory_nemo\dory_nemo\release\dory_nemo.tlog\cl.read.1.tlog
e:\رابعة حاسبات\computer graphics\labs\dory_nemo\dory_nemo\release\dory_nemo.tlog\cl.write.1.tlog
e:\رابعة حاسبات\computer graphics\labs\dory_nemo\dory_nemo\release\dory_nemo.tlog\link.command.1.tlog
e:\رابعة حاسبات\computer graphics\labs\dory_nemo\dory_nemo\release\dory_nemo.tlog\link.read.1.tlog
e:\رابعة حاسبات\computer graphics\labs\dory_nemo\dory_nemo\release\dory_nemo.tlog\link.write.1.tlog
e:\رابعة حاسبات\computer graphics\labs\dory_nemo\dory_nemo\release\dory_nemo.tlog\metagen.read.1.tlog
e:\رابعة حاسبات\computer graphics\labs\dory_nemo\dory_nemo\release\dory_nemo.tlog\metagen.write.1.tlog
e:\رابعة حاسبات\computer graphics\labs\dory_nemo\dory_nemo\release\dory_nemo.tlog\rc.command.1.tlog
e:\رابعة حاسبات\computer graphics\labs\dory_nemo\dory_nemo\release\dory_nemo.tlog\rc.read.1.tlog
e:\رابعة حاسبات\computer graphics\labs\dory_nemo\dory_nemo\release\dory_nemo.tlog\rc.write.1.tlog
